<?xml version="1.0" encoding="UTF-8"?>
<!-- Generated by org.testng.reporters.JUnitReportReporter -->
<testsuite hostname="DESKTOP-9KCJ656" failures="0" tests="3" name="DOM.CanvasValidation" time="9.959" errors="0" timestamp="2021-08-19T14:57:52 BST" skipped="0">
  <testcase classname="DOM.CanvasValidation" name="buttonValueValidate" time="7.522"/>
  <system-out/>
  <testcase classname="DOM.CanvasValidation" name="buttonAlertValueValidate" time="1.163"/>
  <system-out/>
  <testcase classname="DOM.CanvasValidation" name="buttonSuccessValueValidate" time="1.274"/>
  <system-out/>
</testsuite> <!-- DOM.CanvasValidation -->
